  ____________       _____________
 ____    |__( )_________  __/__  /________      __
____  /| |_  /__  ___/_  /_ __  /_  __ \_ | /| / /
___  ___ |  / _  /   _  __/ _  / / /_/ /_ |/ |/ /
 _/_/  |_/_/  /_/    /_/    /_/  \____/____/|__/
[2021-02-06 00:02:09,895] {scheduler_job.py:1241} INFO - Starting the scheduler
[2021-02-06 00:02:09,895] {scheduler_job.py:1246} INFO - Processing each file at most -1 times
[2021-02-06 00:02:10,015] {dag_processing.py:250} INFO - Launched DagFileProcessorManager with pid: 15475
[2021-02-06 00:02:10,017] {scheduler_job.py:1751} INFO - Resetting orphaned tasks for active dag runs
[2021-02-06 00:02:10,035] {settings.py:52} INFO - Configured default timezone Timezone('UTC')
[2021-02-06 00:07:10,081] {scheduler_job.py:1751} INFO - Resetting orphaned tasks for active dag runs
[2021-02-06 00:12:10,128] {scheduler_job.py:1751} INFO - Resetting orphaned tasks for active dag runs
[2021-02-06 00:17:10,176] {scheduler_job.py:1751} INFO - Resetting orphaned tasks for active dag runs
[2021-02-06 00:22:10,238] {scheduler_job.py:1751} INFO - Resetting orphaned tasks for active dag runs
[2021-02-06 00:27:10,279] {scheduler_job.py:1751} INFO - Resetting orphaned tasks for active dag runs
[2021-02-06 00:32:10,323] {scheduler_job.py:1751} INFO - Resetting orphaned tasks for active dag runs
[2021-02-06 00:37:10,375] {scheduler_job.py:1751} INFO - Resetting orphaned tasks for active dag runs
[2021-02-06 00:41:46,708] {dag_processing.py:399} WARNING - DagFileProcessorManager (PID=15475) exited with exit code 1 - re-launching
[2021-02-06 00:41:46,714] {dag_processing.py:250} INFO - Launched DagFileProcessorManager with pid: 3732
[2021-02-06 00:41:46,745] {settings.py:52} INFO - Configured default timezone Timezone('UTC')
[2021-02-06 00:41:54,739] {dag_processing.py:399} WARNING - DagFileProcessorManager (PID=3732) exited with exit code 1 - re-launching
[2021-02-06 00:41:54,743] {dag_processing.py:250} INFO - Launched DagFileProcessorManager with pid: 4260
[2021-02-06 00:41:54,760] {settings.py:52} INFO - Configured default timezone Timezone('UTC')
[2021-02-06 00:42:10,429] {scheduler_job.py:1751} INFO - Resetting orphaned tasks for active dag runs
[2021-02-06 00:47:10,478] {scheduler_job.py:1751} INFO - Resetting orphaned tasks for active dag runs
[2021-02-06 00:52:10,524] {scheduler_job.py:1751} INFO - Resetting orphaned tasks for active dag runs
